Arguments: 
  /Users/daniel/.nvm/versions/node/v8.11.3/bin/node /Users/daniel/.yarn/bin/yarn.js add --dev @types/wordpress__block-serialization-default-parser

PATH: 
  /Users/daniel/google-cloud-sdk/bin:/Users/daniel/.yarn/bin:/Users/daniel/.config/yarn/global/node_modules/.bin:/Users/daniel/.nvm/versions/node/v8.11.3/bin:/usr/local/bin:/usr/bin:/bin:/usr/sbin:/sbin:/usr/local/go/bin:/opt/X11/bin:/Library/Frameworks/Mono.framework/Versions/Current/Commands

Yarn version: 
  1.12.3

Node version: 
  8.11.3

Platform: 
  darwin x64

Trace: 
  Error: https://registry.yarnpkg.com/@types%2fwordpress__block-serialization-default-parser: Not found
      at Request.params.callback [as _callback] (/Users/daniel/.yarn/lib/cli.js:65894:18)
      at Request.self.callback (/Users/daniel/.yarn/lib/cli.js:129018:22)
      at emitTwo (events.js:126:13)
      at Request.emit (events.js:214:7)
      at Request.<anonymous> (/Users/daniel/.yarn/lib/cli.js:129990:10)
      at emitOne (events.js:116:13)
      at Request.emit (events.js:211:7)
      at IncomingMessage.<anonymous> (/Users/daniel/.yarn/lib/cli.js:129912:12)
      at Object.onceWrapper (events.js:313:30)
      at emitNone (events.js:111:20)

npm manifest: 
  {
    "name": "@_ed/wp",
    "version": "0.9.0",
    "description": "Tools for running React on top of a WordPress theme, including routing, gutenberg blocks and dynamic data",
    "main": "lib/index.js",
    "repository": "https://github.com/ed-digital/ed-react-wp.git",
    "author": {
      "name": "Daniel Lever",
      "email": "daniel@ed.com.au"
    },
    "license": "MIT",
    "scripts": {
      "build": "tsc",
      "watch": "tsc -w"
    },
    "devDependencies": {
      "@types/react": "^16.7.20",
      "@types/styled-components": "^4.1.6",
      "prettier": "^1.16.1",
      "typescript": "^3.2.4"
    },
    "peerDependencies": {
      "react": "^16.8.0-alpha.1",
      "react-dom": "^16.8.0-alpha.1",
      "styled-components": "^4.1.3"
    },
    "dependencies": {
      "@wordpress/block-serialization-default-parser": "^2.0.4",
      "whatwg-fetch": "^3.0.0"
    }
  }

yarn manifest: 
  No manifest

Lockfile: 
  # THIS IS AN AUTOGENERATED FILE. DO NOT EDIT THIS FILE DIRECTLY.
  # yarn lockfile v1
  
  
  "@babel/runtime@^7.0.0":
    version "7.3.1"
    resolved "https://registry.yarnpkg.com/@babel/runtime/-/runtime-7.3.1.tgz#574b03e8e8a9898eaf4a872a92ea20b7846f6f2a"
    integrity sha512-7jGW8ppV0ant637pIqAcFfQDDH1orEPGJb8aXfUozuCU3QqX7rX4DA8iwrbPrR1hcH0FTTHz47yQnk+bl5xHQA==
    dependencies:
      regenerator-runtime "^0.12.0"
  
  "@types/node@*":
    version "10.12.18"
    resolved "https://registry.yarnpkg.com/@types/node/-/node-10.12.18.tgz#1d3ca764718915584fcd9f6344621b7672665c67"
    integrity sha512-fh+pAqt4xRzPfqA6eh3Z2y6fyZavRIumvjhaCL753+TVkGKGhpPeyrJG2JftD0T9q4GF00KjefsQ+PQNDdWQaQ==
  
  "@types/prop-types@*":
    version "15.5.8"
    resolved "https://registry.yarnpkg.com/@types/prop-types/-/prop-types-15.5.8.tgz#8ae4e0ea205fe95c3901a5a1df7f66495e3a56ce"
    integrity sha512-3AQoUxQcQtLHsK25wtTWIoIpgYjH3vSDroZOUr7PpCHw/jLY1RB9z9E8dBT/OSmwStVgkRNvdh+ZHNiomRieaw==
  
  "@types/react@*", "@types/react@^16.7.20":
    version "16.7.20"
    resolved "https://registry.yarnpkg.com/@types/react/-/react-16.7.20.tgz#13ae752c012710d0fa800985ca809814b51d3b58"
    integrity sha512-Qd5RWkwl6SL7R2XzLk/cicjVQm1Mhc6HqXY5Ei4pWd1Vi8Fkbd5O0sA398x8fRSTPAuHdDYD9nrWmJMYTJI0vQ==
    dependencies:
      "@types/prop-types" "*"
      csstype "^2.2.0"
  
  "@types/styled-components@^4.1.6":
    version "4.1.6"
    resolved "https://registry.yarnpkg.com/@types/styled-components/-/styled-components-4.1.6.tgz#9aa1d47dbc6bae540083869bcc6c639c6e9af0fe"
    integrity sha512-w/ra/Tk9oPMvWpWId7esZNY1MOa6E9BYUPLl4scVJdYnrYuy5ITLbku8dGDCVH/vjjuegrHBCRYvFLQOYJ+uHg==
    dependencies:
      "@types/node" "*"
      "@types/react" "*"
      csstype "^2.2.0"
  
  "@wordpress/block-serialization-default-parser@^2.0.4":
    version "2.0.4"
    resolved "https://registry.yarnpkg.com/@wordpress/block-serialization-default-parser/-/block-serialization-default-parser-2.0.4.tgz#265dbf59a6526d4919c8d634b572b4cda3bd0257"
    integrity sha512-qTJRSiTLfPw/BlyxXIOv23ISpoQHNXOjbmC+XBmQNI0Ne/4U8cgAf6/2L8w/b2ZEFE+F5OqlOXuQ+4/QRvOnrA==
    dependencies:
      "@babel/runtime" "^7.0.0"
  
  csstype@^2.2.0:
    version "2.6.1"
    resolved "https://registry.yarnpkg.com/csstype/-/csstype-2.6.1.tgz#4cfbf637a577497036ebcd7e32647ef19a0b8076"
    integrity sha512-wv7IRqCGsL7WGKB8gPvrl+++HlFM9kxAM6jL1EXNPNTshEJYilMkbfS2SnuHha77uosp/YVK0wAp2jmlBzn1tg==
  
  prettier@^1.16.1:
    version "1.16.1"
    resolved "https://registry.yarnpkg.com/prettier/-/prettier-1.16.1.tgz#534c2c9d7853f8845e5e078384e71973bd74089f"
    integrity sha512-XXUITwIkGb3CPJ2hforHah/zTINRyie5006Jd2HKy2qz7snEJXl0KLfsJZW/wst9g6R2rFvqba3VpNYdu1hDcA==
  
  regenerator-runtime@^0.12.0:
    version "0.12.1"
    resolved "https://registry.yarnpkg.com/regenerator-runtime/-/regenerator-runtime-0.12.1.tgz#fa1a71544764c036f8c49b13a08b2594c9f8a0de"
    integrity sha512-odxIc1/vDlo4iZcfXqRYFj0vpXFNoGdKMAUieAlFYO6m/nl5e9KR/beGf41z4a1FI+aQgtjhuaSlDxQ0hmkrHg==
  
  typescript@^3.2.4:
    version "3.2.4"
    resolved "https://registry.yarnpkg.com/typescript/-/typescript-3.2.4.tgz#c585cb952912263d915b462726ce244ba510ef3d"
    integrity sha512-0RNDbSdEokBeEAkgNbxJ+BLwSManFy9TeXz8uW+48j/xhEXv1ePME60olyzw2XzUqUBNAYFeJadIqAgNqIACwg==
  
  whatwg-fetch@^3.0.0:
    version "3.0.0"
    resolved "https://registry.yarnpkg.com/whatwg-fetch/-/whatwg-fetch-3.0.0.tgz#fc804e458cc460009b1a2b966bc8817d2578aefb"
    integrity sha512-9GSJUgz1D4MfyKU7KRqwOjXCXTqWdFNvEr7eUBYchQiVc744mqK/MzXPNR2WsPkmkOa4ywfg8C2n8h+13Bey1Q==
